mode: atomic
github.com/Chocapikk/pgdump-offline/pgdump/binary.go:9.39,11.2 1 16
github.com/Chocapikk/pgdump-offline/pgdump/binary.go:13.39,15.2 1 28
github.com/Chocapikk/pgdump-offline/pgdump/binary.go:17.39,19.2 1 35
github.com/Chocapikk/pgdump-offline/pgdump/binary.go:21.38,23.2 1 2
github.com/Chocapikk/pgdump-offline/pgdump/binary.go:25.38,27.2 1 18
github.com/Chocapikk/pgdump-offline/pgdump/binary.go:29.38,31.2 1 6
github.com/Chocapikk/pgdump-offline/pgdump/binary.go:34.39,35.20 1 8
github.com/Chocapikk/pgdump-offline/pgdump/binary.go:35.20,37.3 1 1
github.com/Chocapikk/pgdump-offline/pgdump/binary.go:38.2,38.52 1 7
github.com/Chocapikk/pgdump-offline/pgdump/binary.go:42.46,43.47 1 4
github.com/Chocapikk/pgdump-offline/pgdump/binary.go:43.47,44.19 1 14
github.com/Chocapikk/pgdump-offline/pgdump/binary.go:44.19,46.4 1 1
github.com/Chocapikk/pgdump-offline/pgdump/binary.go:48.2,48.24 1 3
github.com/Chocapikk/pgdump-offline/pgdump/binary.go:48.24,50.3 1 1
github.com/Chocapikk/pgdump-offline/pgdump/binary.go:51.2,51.21 1 2
github.com/Chocapikk/pgdump-offline/pgdump/binary.go:55.31,56.23 1 8
github.com/Chocapikk/pgdump-offline/pgdump/binary.go:57.11,58.11 1 1
github.com/Chocapikk/pgdump-offline/pgdump/binary.go:59.13,60.16 1 1
github.com/Chocapikk/pgdump-offline/pgdump/binary.go:61.13,62.16 1 1
github.com/Chocapikk/pgdump-offline/pgdump/binary.go:63.13,64.16 1 1
github.com/Chocapikk/pgdump-offline/pgdump/binary.go:65.14,66.16 1 1
github.com/Chocapikk/pgdump-offline/pgdump/binary.go:67.14,68.16 1 1
github.com/Chocapikk/pgdump-offline/pgdump/binary.go:69.10,70.11 1 2
github.com/Chocapikk/pgdump-offline/pgdump/catalog.go:86.50,88.61 2 0
github.com/Chocapikk/pgdump-offline/pgdump/catalog.go:88.61,89.88 1 0
github.com/Chocapikk/pgdump-offline/pgdump/catalog.go:89.88,91.4 1 0
github.com/Chocapikk/pgdump-offline/pgdump/catalog.go:93.2,93.15 1 0
github.com/Chocapikk/pgdump-offline/pgdump/catalog.go:97.53,99.58 2 0
github.com/Chocapikk/pgdump-offline/pgdump/catalog.go:99.58,100.47 1 0
github.com/Chocapikk/pgdump-offline/pgdump/catalog.go:100.47,107.4 1 0
github.com/Chocapikk/pgdump-offline/pgdump/catalog.go:109.2,109.15 1 0
github.com/Chocapikk/pgdump-offline/pgdump/catalog.go:113.73,117.51 3 0
github.com/Chocapikk/pgdump-offline/pgdump/catalog.go:117.51,119.29 2 0
github.com/Chocapikk/pgdump-offline/pgdump/catalog.go:119.29,120.12 1 0
github.com/Chocapikk/pgdump-offline/pgdump/catalog.go:122.3,127.5 1 0
github.com/Chocapikk/pgdump-offline/pgdump/catalog.go:131.2,131.28 1 0
github.com/Chocapikk/pgdump-offline/pgdump/catalog.go:131.28,132.49 1 0
github.com/Chocapikk/pgdump-offline/pgdump/catalog.go:132.49,134.4 1 0
github.com/Chocapikk/pgdump-offline/pgdump/catalog.go:136.2,136.15 1 0
github.com/Chocapikk/pgdump-offline/pgdump/catalog.go:139.58,140.19 1 0
github.com/Chocapikk/pgdump-offline/pgdump/catalog.go:140.19,142.3 1 0
github.com/Chocapikk/pgdump-offline/pgdump/catalog.go:143.2,143.19 1 0
github.com/Chocapikk/pgdump-offline/pgdump/catalog.go:143.19,145.3 1 0
github.com/Chocapikk/pgdump-offline/pgdump/catalog.go:148.2,149.20 2 0
github.com/Chocapikk/pgdump-offline/pgdump/catalog.go:149.20,151.26 2 0
github.com/Chocapikk/pgdump-offline/pgdump/catalog.go:151.26,152.39 1 0
github.com/Chocapikk/pgdump-offline/pgdump/catalog.go:152.39,154.10 2 0
github.com/Chocapikk/pgdump-offline/pgdump/catalog.go:157.3,157.12 1 0
github.com/Chocapikk/pgdump-offline/pgdump/catalog.go:157.12,159.4 1 0
github.com/Chocapikk/pgdump-offline/pgdump/catalog.go:161.2,161.24 1 0
github.com/Chocapikk/pgdump-offline/pgdump/catalog.go:164.60,165.36 1 0
github.com/Chocapikk/pgdump-offline/pgdump/catalog.go:165.36,167.3 1 0
github.com/Chocapikk/pgdump-offline/pgdump/catalog.go:168.2,168.10 1 0
github.com/Chocapikk/pgdump-offline/pgdump/catalog.go:171.63,172.36 1 0
github.com/Chocapikk/pgdump-offline/pgdump/catalog.go:172.36,174.3 1 0
github.com/Chocapikk/pgdump-offline/pgdump/catalog.go:175.2,175.11 1 0
github.com/Chocapikk/pgdump-offline/pgdump/detect.go:13.29,15.49 1 1
github.com/Chocapikk/pgdump-offline/pgdump/detect.go:15.49,16.29 1 1
github.com/Chocapikk/pgdump-offline/pgdump/detect.go:16.29,18.4 1 1
github.com/Chocapikk/pgdump-offline/pgdump/detect.go:22.2,25.34 2 0
github.com/Chocapikk/pgdump-offline/pgdump/detect.go:25.34,26.27 1 0
github.com/Chocapikk/pgdump-offline/pgdump/detect.go:26.27,28.4 1 0
github.com/Chocapikk/pgdump-offline/pgdump/detect.go:31.2,31.11 1 0
github.com/Chocapikk/pgdump-offline/pgdump/detect.go:35.35,40.75 3 1
github.com/Chocapikk/pgdump-offline/pgdump/detect.go:40.75,43.3 2 1
github.com/Chocapikk/pgdump-offline/pgdump/detect.go:46.2,46.46 1 1
github.com/Chocapikk/pgdump-offline/pgdump/detect.go:46.46,48.21 2 22
github.com/Chocapikk/pgdump-offline/pgdump/detect.go:48.21,49.12 1 0
github.com/Chocapikk/pgdump-offline/pgdump/detect.go:51.3,51.31 1 22
github.com/Chocapikk/pgdump-offline/pgdump/detect.go:51.31,54.4 2 0
github.com/Chocapikk/pgdump-offline/pgdump/detect.go:57.2,57.16 1 1
github.com/Chocapikk/pgdump-offline/pgdump/detect.go:60.38,61.22 1 2
github.com/Chocapikk/pgdump-offline/pgdump/detect.go:62.15,63.25 1 2
github.com/Chocapikk/pgdump-offline/pgdump/detect.go:64.16,65.26 1 0
github.com/Chocapikk/pgdump-offline/pgdump/detect.go:66.17,67.27 1 0
github.com/Chocapikk/pgdump-offline/pgdump/detect.go:68.10,69.25 1 0
github.com/Chocapikk/pgdump-offline/pgdump/detect.go:73.31,83.28 2 2
github.com/Chocapikk/pgdump-offline/pgdump/detect.go:83.28,85.3 1 16
github.com/Chocapikk/pgdump-offline/pgdump/detect.go:88.2,88.28 1 2
github.com/Chocapikk/pgdump-offline/pgdump/detect.go:88.28,90.3 1 16
github.com/Chocapikk/pgdump-offline/pgdump/detect.go:93.2,99.14 2 2
github.com/Chocapikk/pgdump-offline/pgdump/detect.go:102.32,123.28 3 0
github.com/Chocapikk/pgdump-offline/pgdump/detect.go:123.28,128.3 1 0
github.com/Chocapikk/pgdump-offline/pgdump/detect.go:130.2,130.14 1 0
github.com/Chocapikk/pgdump-offline/pgdump/detect.go:133.33,138.21 3 0
github.com/Chocapikk/pgdump-offline/pgdump/detect.go:138.21,140.3 1 0
github.com/Chocapikk/pgdump-offline/pgdump/detect.go:141.2,142.20 2 0
github.com/Chocapikk/pgdump-offline/pgdump/detect.go:142.20,144.3 1 0
github.com/Chocapikk/pgdump-offline/pgdump/detect.go:146.2,146.28 1 0
github.com/Chocapikk/pgdump-offline/pgdump/detect.go:146.28,152.3 2 0
github.com/Chocapikk/pgdump-offline/pgdump/detect.go:155.2,160.14 2 0
github.com/Chocapikk/pgdump-offline/pgdump/detect.go:163.39,167.16 3 27
github.com/Chocapikk/pgdump-offline/pgdump/detect.go:167.16,169.3 1 23
github.com/Chocapikk/pgdump-offline/pgdump/detect.go:171.2,171.51 1 4
github.com/Chocapikk/pgdump-offline/pgdump/detect.go:174.37,175.34 1 22
github.com/Chocapikk/pgdump-offline/pgdump/detect.go:175.34,178.3 2 0
github.com/Chocapikk/pgdump-offline/pgdump/detect.go:179.2,180.16 2 22
github.com/Chocapikk/pgdump-offline/pgdump/detect.go:180.16,182.3 1 0
github.com/Chocapikk/pgdump-offline/pgdump/detect.go:183.2,183.12 1 22
github.com/Chocapikk/pgdump-offline/pgdump/detect.go:187.51,190.16 3 0
github.com/Chocapikk/pgdump-offline/pgdump/detect.go:190.16,192.3 1 0
github.com/Chocapikk/pgdump-offline/pgdump/detect.go:194.2,197.38 2 0
github.com/Chocapikk/pgdump-offline/pgdump/detect.go:197.38,200.29 3 0
github.com/Chocapikk/pgdump-offline/pgdump/detect.go:200.29,202.4 1 0
github.com/Chocapikk/pgdump-offline/pgdump/detect.go:203.3,203.35 1 0
github.com/Chocapikk/pgdump-offline/pgdump/detect.go:206.2,206.12 1 0
github.com/Chocapikk/pgdump-offline/pgdump/heap.go:4.61,6.59 2 0
github.com/Chocapikk/pgdump-offline/pgdump/heap.go:6.59,7.57 1 0
github.com/Chocapikk/pgdump-offline/pgdump/heap.go:7.57,8.43 1 0
github.com/Chocapikk/pgdump-offline/pgdump/heap.go:8.43,11.5 2 0
github.com/Chocapikk/pgdump-offline/pgdump/heap.go:14.2,14.16 1 0
github.com/Chocapikk/pgdump-offline/pgdump/heap.go:18.89,20.50 2 0
github.com/Chocapikk/pgdump-offline/pgdump/heap.go:20.50,21.55 1 0
github.com/Chocapikk/pgdump-offline/pgdump/heap.go:21.55,23.4 1 0
github.com/Chocapikk/pgdump-offline/pgdump/heap.go:25.2,25.13 1 0
github.com/Chocapikk/pgdump-offline/pgdump/heap.go:29.81,30.42 1 0
github.com/Chocapikk/pgdump-offline/pgdump/heap.go:30.42,32.3 1 0
github.com/Chocapikk/pgdump-offline/pgdump/heap.go:34.2,37.32 3 0
github.com/Chocapikk/pgdump-offline/pgdump/heap.go:37.32,39.15 2 0
github.com/Chocapikk/pgdump-offline/pgdump/heap.go:39.15,41.4 1 0
github.com/Chocapikk/pgdump-offline/pgdump/heap.go:43.3,45.24 2 0
github.com/Chocapikk/pgdump-offline/pgdump/heap.go:45.24,47.12 2 0
github.com/Chocapikk/pgdump-offline/pgdump/heap.go:50.3,52.21 3 0
github.com/Chocapikk/pgdump-offline/pgdump/heap.go:55.2,55.15 1 0
github.com/Chocapikk/pgdump-offline/pgdump/heap.go:58.39,59.18 1 0
github.com/Chocapikk/pgdump-offline/pgdump/heap.go:59.18,61.3 1 0
github.com/Chocapikk/pgdump-offline/pgdump/heap.go:62.2,62.15 1 0
github.com/Chocapikk/pgdump-offline/pgdump/heap.go:63.56,64.11 1 0
github.com/Chocapikk/pgdump-offline/pgdump/heap.go:65.34,66.11 1 0
github.com/Chocapikk/pgdump-offline/pgdump/heap.go:67.15,68.11 1 0
github.com/Chocapikk/pgdump-offline/pgdump/heap.go:70.2,70.17 1 0
github.com/Chocapikk/pgdump-offline/pgdump/heap.go:70.17,72.3 1 0
github.com/Chocapikk/pgdump-offline/pgdump/heap.go:73.2,73.17 1 0
github.com/Chocapikk/pgdump-offline/pgdump/heap.go:73.17,75.3 1 0
github.com/Chocapikk/pgdump-offline/pgdump/heap.go:76.2,76.10 1 0
github.com/Chocapikk/pgdump-offline/pgdump/heap.go:79.75,80.25 1 0
github.com/Chocapikk/pgdump-offline/pgdump/heap.go:80.25,82.3 1 0
github.com/Chocapikk/pgdump-offline/pgdump/heap.go:83.2,85.16 2 0
github.com/Chocapikk/pgdump-offline/pgdump/heap.go:85.16,86.30 1 0
github.com/Chocapikk/pgdump-offline/pgdump/heap.go:86.30,88.4 1 0
github.com/Chocapikk/pgdump-offline/pgdump/heap.go:89.3,89.55 1 0
github.com/Chocapikk/pgdump-offline/pgdump/heap.go:92.2,92.18 1 0
github.com/Chocapikk/pgdump-offline/pgdump/heap.go:92.18,94.17 2 0
github.com/Chocapikk/pgdump-offline/pgdump/heap.go:94.17,96.4 1 0
github.com/Chocapikk/pgdump-offline/pgdump/heap.go:97.3,97.42 1 0
github.com/Chocapikk/pgdump-offline/pgdump/heap.go:101.2,101.30 1 0
github.com/Chocapikk/pgdump-offline/pgdump/heap.go:101.30,102.13 1 0
github.com/Chocapikk/pgdump-offline/pgdump/heap.go:102.13,104.4 1 0
github.com/Chocapikk/pgdump-offline/pgdump/heap.go:106.2,106.42 1 0
github.com/Chocapikk/pgdump-offline/pgdump/heap.go:109.24,110.11 1 0
github.com/Chocapikk/pgdump-offline/pgdump/heap.go:110.11,112.3 1 0
github.com/Chocapikk/pgdump-offline/pgdump/heap.go:113.2,113.10 1 0
github.com/Chocapikk/pgdump-offline/pgdump/jsonb.go:22.42,23.19 1 2
github.com/Chocapikk/pgdump-offline/pgdump/jsonb.go:23.19,25.3 1 0
github.com/Chocapikk/pgdump-offline/pgdump/jsonb.go:27.2,31.55 4 2
github.com/Chocapikk/pgdump-offline/pgdump/jsonb.go:31.55,33.3 1 1
github.com/Chocapikk/pgdump-offline/pgdump/jsonb.go:35.2,36.11 2 1
github.com/Chocapikk/pgdump-offline/pgdump/jsonb.go:36.11,38.3 1 1
github.com/Chocapikk/pgdump-offline/pgdump/jsonb.go:39.2,39.32 1 1
github.com/Chocapikk/pgdump-offline/pgdump/jsonb.go:39.32,41.3 1 0
github.com/Chocapikk/pgdump-offline/pgdump/jsonb.go:43.2,44.25 2 1
github.com/Chocapikk/pgdump-offline/pgdump/jsonb.go:44.25,46.3 1 2
github.com/Chocapikk/pgdump-offline/pgdump/jsonb.go:47.2,50.11 3 1
github.com/Chocapikk/pgdump-offline/pgdump/jsonb.go:50.11,52.3 1 1
github.com/Chocapikk/pgdump-offline/pgdump/jsonb.go:52.8,54.3 1 0
github.com/Chocapikk/pgdump-offline/pgdump/jsonb.go:56.2,56.27 1 1
github.com/Chocapikk/pgdump-offline/pgdump/jsonb.go:56.27,57.61 1 0
github.com/Chocapikk/pgdump-offline/pgdump/jsonb.go:57.61,59.4 1 0
github.com/Chocapikk/pgdump-offline/pgdump/jsonb.go:61.2,61.15 1 1
github.com/Chocapikk/pgdump-offline/pgdump/jsonb.go:64.99,69.29 4 1
github.com/Chocapikk/pgdump-offline/pgdump/jsonb.go:69.29,72.39 3 1
github.com/Chocapikk/pgdump-offline/pgdump/jsonb.go:72.39,74.4 1 1
github.com/Chocapikk/pgdump-offline/pgdump/jsonb.go:76.3,77.66 2 1
github.com/Chocapikk/pgdump-offline/pgdump/jsonb.go:79.2,79.15 1 1
github.com/Chocapikk/pgdump-offline/pgdump/jsonb.go:82.89,84.29 2 0
github.com/Chocapikk/pgdump-offline/pgdump/jsonb.go:84.29,87.3 2 0
github.com/Chocapikk/pgdump-offline/pgdump/jsonb.go:88.2,88.15 1 0
github.com/Chocapikk/pgdump-offline/pgdump/jsonb.go:91.37,92.23 1 1
github.com/Chocapikk/pgdump-offline/pgdump/jsonb.go:92.23,94.3 1 0
github.com/Chocapikk/pgdump-offline/pgdump/jsonb.go:95.2,95.43 1 1
github.com/Chocapikk/pgdump-offline/pgdump/jsonb.go:98.62,102.13 4 2
github.com/Chocapikk/pgdump-offline/pgdump/jsonb.go:102.13,104.3 1 0
github.com/Chocapikk/pgdump-offline/pgdump/jsonb.go:105.2,105.22 1 2
github.com/Chocapikk/pgdump-offline/pgdump/jsonb.go:105.22,107.3 1 0
github.com/Chocapikk/pgdump-offline/pgdump/jsonb.go:108.2,108.26 1 2
github.com/Chocapikk/pgdump-offline/pgdump/jsonb.go:111.47,112.28 1 1
github.com/Chocapikk/pgdump-offline/pgdump/jsonb.go:112.28,113.31 1 1
github.com/Chocapikk/pgdump-offline/pgdump/jsonb.go:113.31,115.34 2 0
github.com/Chocapikk/pgdump-offline/pgdump/jsonb.go:115.34,117.5 1 0
github.com/Chocapikk/pgdump-offline/pgdump/jsonb.go:118.4,118.15 1 0
github.com/Chocapikk/pgdump-offline/pgdump/jsonb.go:121.2,122.28 2 1
github.com/Chocapikk/pgdump-offline/pgdump/jsonb.go:122.28,124.3 1 1
github.com/Chocapikk/pgdump-offline/pgdump/jsonb.go:125.2,125.12 1 1
github.com/Chocapikk/pgdump-offline/pgdump/jsonb.go:128.72,129.25 1 1
github.com/Chocapikk/pgdump-offline/pgdump/jsonb.go:130.16,131.30 1 0
github.com/Chocapikk/pgdump-offline/pgdump/jsonb.go:131.30,133.4 1 0
github.com/Chocapikk/pgdump-offline/pgdump/jsonb.go:134.17,137.54 3 1
github.com/Chocapikk/pgdump-offline/pgdump/jsonb.go:137.54,139.4 1 0
github.com/Chocapikk/pgdump-offline/pgdump/jsonb.go:140.19,143.54 3 0
github.com/Chocapikk/pgdump-offline/pgdump/jsonb.go:143.54,145.4 1 0
github.com/Chocapikk/pgdump-offline/pgdump/jsonb.go:146.14,147.13 1 0
github.com/Chocapikk/pgdump-offline/pgdump/jsonb.go:148.19,149.15 1 0
github.com/Chocapikk/pgdump-offline/pgdump/jsonb.go:150.18,151.14 1 0
github.com/Chocapikk/pgdump-offline/pgdump/jsonb.go:153.2,153.12 1 1
github.com/Chocapikk/pgdump-offline/pgdump/jsonb.go:156.46,157.19 1 0
github.com/Chocapikk/pgdump-offline/pgdump/jsonb.go:157.19,159.3 1 0
github.com/Chocapikk/pgdump-offline/pgdump/jsonb.go:160.2,162.16 3 0
github.com/Chocapikk/pgdump-offline/pgdump/jsonb.go:162.16,164.30 2 0
github.com/Chocapikk/pgdump-offline/pgdump/jsonb.go:164.30,166.4 1 0
github.com/Chocapikk/pgdump-offline/pgdump/jsonb.go:167.8,169.30 2 0
github.com/Chocapikk/pgdump-offline/pgdump/jsonb.go:169.30,171.4 1 0
github.com/Chocapikk/pgdump-offline/pgdump/jsonb.go:173.2,173.31 1 0
github.com/Chocapikk/pgdump-offline/pgdump/jsonb.go:177.44,178.18 1 1
github.com/Chocapikk/pgdump-offline/pgdump/jsonb.go:178.18,180.3 1 0
github.com/Chocapikk/pgdump-offline/pgdump/jsonb.go:182.2,183.24 2 1
github.com/Chocapikk/pgdump-offline/pgdump/jsonb.go:183.24,185.3 1 0
github.com/Chocapikk/pgdump-offline/pgdump/jsonb.go:186.2,186.31 1 1
github.com/Chocapikk/pgdump-offline/pgdump/jsonb.go:189.64,191.24 2 0
github.com/Chocapikk/pgdump-offline/pgdump/jsonb.go:191.24,193.3 1 0
github.com/Chocapikk/pgdump-offline/pgdump/jsonb.go:194.2,195.24 2 0
github.com/Chocapikk/pgdump-offline/pgdump/jsonb.go:195.24,197.3 1 0
github.com/Chocapikk/pgdump-offline/pgdump/jsonb.go:199.2,200.18 2 0
github.com/Chocapikk/pgdump-offline/pgdump/jsonb.go:200.18,202.3 1 0
github.com/Chocapikk/pgdump-offline/pgdump/jsonb.go:204.2,205.31 2 0
github.com/Chocapikk/pgdump-offline/pgdump/jsonb.go:205.31,207.3 1 0
github.com/Chocapikk/pgdump-offline/pgdump/jsonb.go:208.2,208.45 1 0
github.com/Chocapikk/pgdump-offline/pgdump/jsonb.go:211.48,212.18 1 1
github.com/Chocapikk/pgdump-offline/pgdump/jsonb.go:212.18,214.3 1 0
github.com/Chocapikk/pgdump-offline/pgdump/jsonb.go:215.2,218.27 4 1
github.com/Chocapikk/pgdump-offline/pgdump/jsonb.go:218.27,220.3 1 0
github.com/Chocapikk/pgdump-offline/pgdump/jsonb.go:221.2,221.18 1 1
github.com/Chocapikk/pgdump-offline/pgdump/jsonb.go:221.18,223.3 1 0
github.com/Chocapikk/pgdump-offline/pgdump/jsonb.go:224.2,224.28 1 1
github.com/Chocapikk/pgdump-offline/pgdump/jsonb.go:224.28,226.3 1 0
github.com/Chocapikk/pgdump-offline/pgdump/jsonb.go:228.2,229.31 2 1
github.com/Chocapikk/pgdump-offline/pgdump/jsonb.go:229.31,231.3 1 2
github.com/Chocapikk/pgdump-offline/pgdump/jsonb.go:232.2,232.45 1 1
github.com/Chocapikk/pgdump-offline/pgdump/jsonb.go:235.61,236.22 1 1
github.com/Chocapikk/pgdump-offline/pgdump/jsonb.go:236.22,238.3 1 0
github.com/Chocapikk/pgdump-offline/pgdump/jsonb.go:239.2,240.27 2 1
github.com/Chocapikk/pgdump-offline/pgdump/jsonb.go:240.27,242.3 1 2
github.com/Chocapikk/pgdump-offline/pgdump/jsonb.go:243.2,244.14 2 1
github.com/Chocapikk/pgdump-offline/pgdump/jsonb.go:244.14,246.3 1 0
github.com/Chocapikk/pgdump-offline/pgdump/jsonb.go:246.8,248.3 1 1
github.com/Chocapikk/pgdump-offline/pgdump/jsonb.go:249.2,249.31 1 1
github.com/Chocapikk/pgdump-offline/pgdump/page.go:28.42,29.26 1 1
github.com/Chocapikk/pgdump-offline/pgdump/page.go:29.26,31.3 1 0
github.com/Chocapikk/pgdump-offline/pgdump/page.go:33.2,34.21 2 1
github.com/Chocapikk/pgdump-offline/pgdump/page.go:34.21,36.3 1 1
github.com/Chocapikk/pgdump-offline/pgdump/page.go:38.2,39.43 2 0
github.com/Chocapikk/pgdump-offline/pgdump/page.go:39.43,40.42 1 0
github.com/Chocapikk/pgdump-offline/pgdump/page.go:40.42,41.12 1 0
github.com/Chocapikk/pgdump-offline/pgdump/page.go:43.3,43.71 1 0
github.com/Chocapikk/pgdump-offline/pgdump/page.go:43.71,44.12 1 0
github.com/Chocapikk/pgdump-offline/pgdump/page.go:47.3,48.19 2 0
github.com/Chocapikk/pgdump-offline/pgdump/page.go:48.19,50.4 1 0
github.com/Chocapikk/pgdump-offline/pgdump/page.go:52.2,52.16 1 0
github.com/Chocapikk/pgdump-offline/pgdump/page.go:55.43,63.2 2 1
github.com/Chocapikk/pgdump-offline/pgdump/page.go:65.54,67.63 2 0
github.com/Chocapikk/pgdump-offline/pgdump/page.go:67.63,74.3 2 0
github.com/Chocapikk/pgdump-offline/pgdump/page.go:75.2,75.14 1 0
github.com/Chocapikk/pgdump-offline/pgdump/page.go:78.38,86.2 2 1
github.com/Chocapikk/pgdump-offline/pgdump/pgdump.go:77.70,81.16 3 0
github.com/Chocapikk/pgdump-offline/pgdump/pgdump.go:81.16,83.3 1 0
github.com/Chocapikk/pgdump-offline/pgdump/pgdump.go:85.2,86.45 2 0
github.com/Chocapikk/pgdump-offline/pgdump/pgdump.go:86.45,87.45 1 0
github.com/Chocapikk/pgdump-offline/pgdump/pgdump.go:87.45,88.12 1 0
github.com/Chocapikk/pgdump-offline/pgdump/pgdump.go:90.3,90.66 1 0
github.com/Chocapikk/pgdump-offline/pgdump/pgdump.go:90.66,91.12 1 0
github.com/Chocapikk/pgdump-offline/pgdump/pgdump.go:94.3,98.26 4 0
github.com/Chocapikk/pgdump-offline/pgdump/pgdump.go:98.26,99.12 1 0
github.com/Chocapikk/pgdump-offline/pgdump/pgdump.go:102.3,102.45 1 0
github.com/Chocapikk/pgdump-offline/pgdump/pgdump.go:102.45,104.4 1 0
github.com/Chocapikk/pgdump-offline/pgdump/pgdump.go:106.3,106.87 1 0
github.com/Chocapikk/pgdump-offline/pgdump/pgdump.go:106.87,109.4 2 0
github.com/Chocapikk/pgdump-offline/pgdump/pgdump.go:111.2,111.20 1 0
github.com/Chocapikk/pgdump-offline/pgdump/pgdump.go:115.113,122.37 5 0
github.com/Chocapikk/pgdump-offline/pgdump/pgdump.go:122.37,123.42 1 0
github.com/Chocapikk/pgdump-offline/pgdump/pgdump.go:123.42,124.12 1 0
github.com/Chocapikk/pgdump-offline/pgdump/pgdump.go:126.3,126.67 1 0
github.com/Chocapikk/pgdump-offline/pgdump/pgdump.go:126.67,127.12 1 0
github.com/Chocapikk/pgdump-offline/pgdump/pgdump.go:129.3,129.113 1 0
github.com/Chocapikk/pgdump-offline/pgdump/pgdump.go:129.113,130.12 1 0
github.com/Chocapikk/pgdump-offline/pgdump/pgdump.go:133.3,134.47 2 0
github.com/Chocapikk/pgdump-offline/pgdump/pgdump.go:136.2,136.20 1 0
github.com/Chocapikk/pgdump-offline/pgdump/pgdump.go:139.111,147.26 2 0
github.com/Chocapikk/pgdump-offline/pgdump/pgdump.go:147.26,153.3 1 0
github.com/Chocapikk/pgdump-offline/pgdump/pgdump.go:155.2,155.36 1 0
github.com/Chocapikk/pgdump-offline/pgdump/pgdump.go:155.36,157.3 1 0
github.com/Chocapikk/pgdump-offline/pgdump/pgdump.go:159.2,160.34 2 0
github.com/Chocapikk/pgdump-offline/pgdump/pgdump.go:160.34,162.3 1 0
github.com/Chocapikk/pgdump-offline/pgdump/pgdump.go:164.2,165.26 2 0
github.com/Chocapikk/pgdump-offline/pgdump/pgdump.go:165.26,167.3 1 0
github.com/Chocapikk/pgdump-offline/pgdump/pgdump.go:169.2,171.10 3 0
github.com/Chocapikk/pgdump-offline/pgdump/pgdump.go:174.43,175.17 1 0
github.com/Chocapikk/pgdump-offline/pgdump/pgdump.go:175.17,177.3 1 0
github.com/Chocapikk/pgdump-offline/pgdump/pgdump.go:178.2,178.13 1 0
github.com/Chocapikk/pgdump-offline/pgdump/pgdump.go:182.42,184.2 1 0
github.com/Chocapikk/pgdump-offline/pgdump/tuple.go:24.49,25.33 1 1
github.com/Chocapikk/pgdump-offline/pgdump/tuple.go:25.33,27.3 1 0
github.com/Chocapikk/pgdump-offline/pgdump/tuple.go:29.2,33.27 4 1
github.com/Chocapikk/pgdump-offline/pgdump/tuple.go:33.27,35.3 1 0
github.com/Chocapikk/pgdump-offline/pgdump/tuple.go:37.2,52.20 3 1
github.com/Chocapikk/pgdump-offline/pgdump/tuple.go:52.20,54.47 2 0
github.com/Chocapikk/pgdump-offline/pgdump/tuple.go:54.47,56.4 1 0
github.com/Chocapikk/pgdump-offline/pgdump/tuple.go:59.2,59.14 1 1
github.com/Chocapikk/pgdump-offline/pgdump/tuple.go:63.42,66.2 2 0
github.com/Chocapikk/pgdump-offline/pgdump/tuple.go:69.49,70.36 1 0
github.com/Chocapikk/pgdump-offline/pgdump/tuple.go:70.36,72.3 1 0
github.com/Chocapikk/pgdump-offline/pgdump/tuple.go:73.2,74.30 2 0
github.com/Chocapikk/pgdump-offline/pgdump/tuple.go:74.30,76.3 1 0
github.com/Chocapikk/pgdump-offline/pgdump/tuple.go:77.2,77.43 1 0
github.com/Chocapikk/pgdump-offline/pgdump/types.go:142.31,143.36 1 9
github.com/Chocapikk/pgdump-offline/pgdump/types.go:143.36,145.3 1 8
github.com/Chocapikk/pgdump-offline/pgdump/types.go:146.2,146.35 1 1
github.com/Chocapikk/pgdump-offline/pgdump/types.go:150.51,151.20 1 49
github.com/Chocapikk/pgdump-offline/pgdump/types.go:151.20,153.3 1 1
github.com/Chocapikk/pgdump-offline/pgdump/types.go:154.2,154.44 1 48
github.com/Chocapikk/pgdump-offline/pgdump/types.go:154.44,156.3 1 2
github.com/Chocapikk/pgdump-offline/pgdump/types.go:157.2,157.32 1 46
github.com/Chocapikk/pgdump-offline/pgdump/types.go:160.53,161.13 1 46
github.com/Chocapikk/pgdump-offline/pgdump/types.go:163.15,164.22 1 2
github.com/Chocapikk/pgdump-offline/pgdump/types.go:167.15,168.26 1 1
github.com/Chocapikk/pgdump-offline/pgdump/types.go:169.15,170.27 1 0
github.com/Chocapikk/pgdump-offline/pgdump/types.go:173.15,174.22 1 1
github.com/Chocapikk/pgdump-offline/pgdump/types.go:175.31,176.22 1 6
github.com/Chocapikk/pgdump-offline/pgdump/types.go:177.15,178.22 1 1
github.com/Chocapikk/pgdump-offline/pgdump/types.go:179.14,180.22 1 1
github.com/Chocapikk/pgdump-offline/pgdump/types.go:181.14,182.60 1 1
github.com/Chocapikk/pgdump-offline/pgdump/types.go:185.17,186.44 1 1
github.com/Chocapikk/pgdump-offline/pgdump/types.go:187.17,188.44 1 1
github.com/Chocapikk/pgdump-offline/pgdump/types.go:191.16,193.50 2 1
github.com/Chocapikk/pgdump-offline/pgdump/types.go:196.68,197.26 1 4
github.com/Chocapikk/pgdump-offline/pgdump/types.go:198.16,199.36 1 1
github.com/Chocapikk/pgdump-offline/pgdump/types.go:202.25,203.31 1 1
github.com/Chocapikk/pgdump-offline/pgdump/types.go:206.15,207.71 1 1
github.com/Chocapikk/pgdump-offline/pgdump/types.go:208.15,210.77 2 1
github.com/Chocapikk/pgdump-offline/pgdump/types.go:211.17,214.92 3 1
github.com/Chocapikk/pgdump-offline/pgdump/types.go:215.36,216.99 1 1
github.com/Chocapikk/pgdump-offline/pgdump/types.go:217.19,218.30 1 1
github.com/Chocapikk/pgdump-offline/pgdump/types.go:221.18,222.108 1 1
github.com/Chocapikk/pgdump-offline/pgdump/types.go:223.19,224.136 1 1
github.com/Chocapikk/pgdump-offline/pgdump/types.go:225.24,226.26 1 3
github.com/Chocapikk/pgdump-offline/pgdump/types.go:229.15,230.116 1 1
github.com/Chocapikk/pgdump-offline/pgdump/types.go:233.16,234.58 1 1
github.com/Chocapikk/pgdump-offline/pgdump/types.go:237.16,238.27 1 1
github.com/Chocapikk/pgdump-offline/pgdump/types.go:239.15,240.83 1 1
github.com/Chocapikk/pgdump-offline/pgdump/types.go:241.14,242.85 1 1
github.com/Chocapikk/pgdump-offline/pgdump/types.go:243.15,244.144 1 1
github.com/Chocapikk/pgdump-offline/pgdump/types.go:245.17,246.94 1 1
github.com/Chocapikk/pgdump-offline/pgdump/types.go:247.27,248.40 1 2
github.com/Chocapikk/pgdump-offline/pgdump/types.go:251.18,252.29 1 0
github.com/Chocapikk/pgdump-offline/pgdump/types.go:255.31,256.26 1 1
github.com/Chocapikk/pgdump-offline/pgdump/types.go:259.16,260.38 1 0
github.com/Chocapikk/pgdump-offline/pgdump/types.go:260.38,262.4 1 0
github.com/Chocapikk/pgdump-offline/pgdump/types.go:263.3,263.26 1 0
github.com/Chocapikk/pgdump-offline/pgdump/types.go:266.87,267.32 1 3
github.com/Chocapikk/pgdump-offline/pgdump/types.go:269.10,270.26 1 1
github.com/Chocapikk/pgdump-offline/pgdump/types.go:274.38,275.20 1 12
github.com/Chocapikk/pgdump-offline/pgdump/types.go:275.20,277.3 1 0
github.com/Chocapikk/pgdump-offline/pgdump/types.go:278.2,280.37 3 12
github.com/Chocapikk/pgdump-offline/pgdump/types.go:283.55,284.19 1 2
github.com/Chocapikk/pgdump-offline/pgdump/types.go:284.19,286.3 1 0
github.com/Chocapikk/pgdump-offline/pgdump/types.go:287.2,289.27 3 2
github.com/Chocapikk/pgdump-offline/pgdump/types.go:289.27,291.3 1 0
github.com/Chocapikk/pgdump-offline/pgdump/types.go:293.2,294.28 2 2
github.com/Chocapikk/pgdump-offline/pgdump/types.go:294.28,296.3 1 6
github.com/Chocapikk/pgdump-offline/pgdump/types.go:298.2,299.33 2 2
github.com/Chocapikk/pgdump-offline/pgdump/types.go:299.33,301.3 1 2
github.com/Chocapikk/pgdump-offline/pgdump/types.go:302.2,302.27 1 0
github.com/Chocapikk/pgdump-offline/pgdump/types.go:305.42,306.19 1 1
github.com/Chocapikk/pgdump-offline/pgdump/types.go:306.19,308.3 1 0
github.com/Chocapikk/pgdump-offline/pgdump/types.go:309.2,310.17 2 1
github.com/Chocapikk/pgdump-offline/pgdump/types.go:310.17,312.3 1 0
github.com/Chocapikk/pgdump-offline/pgdump/types.go:314.2,315.30 2 1
github.com/Chocapikk/pgdump-offline/pgdump/types.go:315.30,318.62 3 5
github.com/Chocapikk/pgdump-offline/pgdump/types.go:318.62,320.4 1 3
github.com/Chocapikk/pgdump-offline/pgdump/types.go:320.9,322.4 1 2
github.com/Chocapikk/pgdump-offline/pgdump/types.go:324.2,324.20 1 1
github.com/Chocapikk/pgdump-offline/pgdump/types.go:327.47,328.20 1 3
github.com/Chocapikk/pgdump-offline/pgdump/types.go:328.20,330.3 1 0
github.com/Chocapikk/pgdump-offline/pgdump/types.go:332.2,334.11 3 3
github.com/Chocapikk/pgdump-offline/pgdump/types.go:334.11,336.3 1 1
github.com/Chocapikk/pgdump-offline/pgdump/types.go:338.2,348.13 8 2
github.com/Chocapikk/pgdump-offline/pgdump/types.go:349.20,350.20 1 2
github.com/Chocapikk/pgdump-offline/pgdump/types.go:351.20,352.20 1 0
github.com/Chocapikk/pgdump-offline/pgdump/types.go:353.19,354.23 1 0
github.com/Chocapikk/pgdump-offline/pgdump/types.go:355.18,356.25 1 0
github.com/Chocapikk/pgdump-offline/pgdump/types.go:357.20,358.27 1 0
github.com/Chocapikk/pgdump-offline/pgdump/types.go:359.20,360.20 1 0
github.com/Chocapikk/pgdump-offline/pgdump/types.go:363.2,363.12 1 2
github.com/Chocapikk/pgdump-offline/pgdump/types.go:363.12,365.27 1 1
github.com/Chocapikk/pgdump-offline/pgdump/types.go:365.27,367.4 1 0
github.com/Chocapikk/pgdump-offline/pgdump/types.go:368.3,370.31 3 1
github.com/Chocapikk/pgdump-offline/pgdump/types.go:370.31,372.4 1 0
github.com/Chocapikk/pgdump-offline/pgdump/types.go:373.3,374.18 2 1
github.com/Chocapikk/pgdump-offline/pgdump/types.go:377.2,377.12 1 2
github.com/Chocapikk/pgdump-offline/pgdump/types.go:377.12,378.27 1 1
github.com/Chocapikk/pgdump-offline/pgdump/types.go:378.27,380.4 1 0
github.com/Chocapikk/pgdump-offline/pgdump/types.go:381.3,383.31 3 1
github.com/Chocapikk/pgdump-offline/pgdump/types.go:383.31,385.4 1 0
github.com/Chocapikk/pgdump-offline/pgdump/types.go:386.3,386.73 1 1
github.com/Chocapikk/pgdump-offline/pgdump/types.go:390.2,391.11 2 2
github.com/Chocapikk/pgdump-offline/pgdump/types.go:391.11,393.3 1 1
github.com/Chocapikk/pgdump-offline/pgdump/types.go:393.8,395.3 1 1
github.com/Chocapikk/pgdump-offline/pgdump/types.go:396.2,396.11 1 2
github.com/Chocapikk/pgdump-offline/pgdump/types.go:396.11,398.3 1 1
github.com/Chocapikk/pgdump-offline/pgdump/types.go:398.8,401.3 2 1
github.com/Chocapikk/pgdump-offline/pgdump/types.go:402.2,402.12 1 2
github.com/Chocapikk/pgdump-offline/pgdump/types.go:402.12,404.3 1 1
github.com/Chocapikk/pgdump-offline/pgdump/types.go:405.2,405.11 1 2
github.com/Chocapikk/pgdump-offline/pgdump/types.go:405.11,407.3 1 0
github.com/Chocapikk/pgdump-offline/pgdump/types.go:407.8,409.3 1 2
github.com/Chocapikk/pgdump-offline/pgdump/types.go:411.2,411.24 1 2
github.com/Chocapikk/pgdump-offline/pgdump/types.go:414.41,415.20 1 1
github.com/Chocapikk/pgdump-offline/pgdump/types.go:415.20,417.3 1 0
github.com/Chocapikk/pgdump-offline/pgdump/types.go:418.2,420.29 3 1
github.com/Chocapikk/pgdump-offline/pgdump/types.go:420.29,422.3 1 1
github.com/Chocapikk/pgdump-offline/pgdump/types.go:423.2,423.29 1 1
github.com/Chocapikk/pgdump-offline/pgdump/types.go:423.29,425.3 1 1
github.com/Chocapikk/pgdump-offline/pgdump/types.go:426.2,426.14 1 1
github.com/Chocapikk/pgdump-offline/pgdump/types.go:426.14,428.3 1 1
github.com/Chocapikk/pgdump-offline/pgdump/types.go:429.2,429.29 1 1
github.com/Chocapikk/pgdump-offline/pgdump/types.go:429.29,431.3 1 1
github.com/Chocapikk/pgdump-offline/pgdump/types.go:432.2,432.34 1 1
github.com/Chocapikk/pgdump-offline/pgdump/types.go:432.34,434.3 1 1
github.com/Chocapikk/pgdump-offline/pgdump/types.go:435.2,435.33 1 1
github.com/Chocapikk/pgdump-offline/pgdump/types.go:435.33,437.3 1 1
github.com/Chocapikk/pgdump-offline/pgdump/types.go:438.2,438.21 1 1
github.com/Chocapikk/pgdump-offline/pgdump/types.go:438.21,440.3 1 0
github.com/Chocapikk/pgdump-offline/pgdump/types.go:441.2,441.33 1 1
github.com/Chocapikk/pgdump-offline/pgdump/types.go:444.37,445.19 1 3
github.com/Chocapikk/pgdump-offline/pgdump/types.go:445.19,447.3 1 0
github.com/Chocapikk/pgdump-offline/pgdump/types.go:448.2,453.51 4 3
github.com/Chocapikk/pgdump-offline/pgdump/types.go:453.51,456.17 2 2
github.com/Chocapikk/pgdump-offline/pgdump/types.go:456.17,458.4 1 1
github.com/Chocapikk/pgdump-offline/pgdump/types.go:459.3,459.14 1 1
github.com/Chocapikk/pgdump-offline/pgdump/types.go:461.2,461.53 1 1
github.com/Chocapikk/pgdump-offline/pgdump/types.go:461.53,464.26 2 1
github.com/Chocapikk/pgdump-offline/pgdump/types.go:464.26,466.4 1 8
github.com/Chocapikk/pgdump-offline/pgdump/types.go:467.3,468.18 2 1
github.com/Chocapikk/pgdump-offline/pgdump/types.go:468.18,470.4 1 0
github.com/Chocapikk/pgdump-offline/pgdump/types.go:471.3,471.14 1 1
github.com/Chocapikk/pgdump-offline/pgdump/types.go:473.2,473.37 1 0
github.com/Chocapikk/pgdump-offline/pgdump/types.go:476.57,477.19 1 2
github.com/Chocapikk/pgdump-offline/pgdump/types.go:477.19,479.3 1 1
github.com/Chocapikk/pgdump-offline/pgdump/types.go:480.2,481.27 2 1
github.com/Chocapikk/pgdump-offline/pgdump/types.go:481.27,483.3 1 0
github.com/Chocapikk/pgdump-offline/pgdump/types.go:485.2,487.35 3 1
github.com/Chocapikk/pgdump-offline/pgdump/types.go:487.35,489.3 1 1
github.com/Chocapikk/pgdump-offline/pgdump/types.go:490.2,490.16 1 1
github.com/Chocapikk/pgdump-offline/pgdump/types.go:490.16,492.3 1 0
github.com/Chocapikk/pgdump-offline/pgdump/types.go:494.2,496.17 3 1
github.com/Chocapikk/pgdump-offline/pgdump/types.go:496.17,499.3 2 0
github.com/Chocapikk/pgdump-offline/pgdump/types.go:501.2,502.97 2 1
github.com/Chocapikk/pgdump-offline/pgdump/types.go:505.111,507.29 2 1
github.com/Chocapikk/pgdump-offline/pgdump/types.go:507.29,508.49 1 3
github.com/Chocapikk/pgdump-offline/pgdump/types.go:508.49,510.12 2 0
github.com/Chocapikk/pgdump-offline/pgdump/types.go:512.3,512.12 1 3
github.com/Chocapikk/pgdump-offline/pgdump/types.go:512.12,513.30 1 3
github.com/Chocapikk/pgdump-offline/pgdump/types.go:513.30,514.10 1 0
github.com/Chocapikk/pgdump-offline/pgdump/types.go:516.4,517.18 2 3
github.com/Chocapikk/pgdump-offline/pgdump/types.go:518.9,519.13 1 0
github.com/Chocapikk/pgdump-offline/pgdump/types.go:519.13,521.5 1 0
github.com/Chocapikk/pgdump-offline/pgdump/types.go:522.4,522.23 1 0
github.com/Chocapikk/pgdump-offline/pgdump/types.go:522.23,523.10 1 0
github.com/Chocapikk/pgdump-offline/pgdump/types.go:525.4,525.35 1 0
github.com/Chocapikk/pgdump-offline/pgdump/types.go:525.35,529.5 3 0
github.com/Chocapikk/pgdump-offline/pgdump/types.go:529.10,530.25 1 0
github.com/Chocapikk/pgdump-offline/pgdump/types.go:530.25,531.11 1 0
github.com/Chocapikk/pgdump-offline/pgdump/types.go:533.5,535.13 3 0
github.com/Chocapikk/pgdump-offline/pgdump/types.go:539.2,539.14 1 1
github.com/Chocapikk/pgdump-offline/pgdump/types.go:543.45,544.20 1 3
github.com/Chocapikk/pgdump-offline/pgdump/types.go:544.20,546.3 1 1
github.com/Chocapikk/pgdump-offline/pgdump/types.go:549.2,550.40 2 2
github.com/Chocapikk/pgdump-offline/pgdump/types.go:550.40,552.3 1 2
github.com/Chocapikk/pgdump-offline/pgdump/types.go:553.2,553.22 1 2
github.com/Chocapikk/pgdump-offline/pgdump/types.go:553.22,555.3 1 0
github.com/Chocapikk/pgdump-offline/pgdump/types.go:557.2,558.9 2 2
github.com/Chocapikk/pgdump-offline/pgdump/types.go:559.20,560.24 1 0
github.com/Chocapikk/pgdump-offline/pgdump/types.go:560.24,562.4 1 0
github.com/Chocapikk/pgdump-offline/pgdump/types.go:563.3,564.37 2 0
github.com/Chocapikk/pgdump-offline/pgdump/types.go:564.37,566.4 1 0
github.com/Chocapikk/pgdump-offline/pgdump/types.go:567.18,568.22 1 0
github.com/Chocapikk/pgdump-offline/pgdump/types.go:569.10,571.37 2 2
github.com/Chocapikk/pgdump-offline/pgdump/types.go:571.37,573.4 1 2
github.com/Chocapikk/pgdump-offline/pgdump/types.go:575.2,575.17 1 0
github.com/Chocapikk/pgdump-offline/pgdump/types.go:578.37,579.22 1 8
github.com/Chocapikk/pgdump-offline/pgdump/types.go:579.22,581.3 1 8
github.com/Chocapikk/pgdump-offline/pgdump/types.go:582.2,582.47 1 0
